0 verbose cli D:\Apps\node.exe D:\Apps\node_modules\npm\bin\npm-cli.js
1 info using npm@11.12.1
2 info using node@v24.15.0
3 silly config load:file:D:\Apps\node_modules\npm\npmrc
4 silly config load:file:D:\VS CODE PROJECTS\Mian Rent A Car\.npmrc
5 silly config load:file:C:\Users\user\.npmrc
6 silly config load:file:C:\Users\user\AppData\Roaming\npm\etc\npmrc
7 verbose title npm install multer@2.0.2
8 verbose argv "install" "multer@2.0.2" "--save" "--cache" ".npm-cache"
9 verbose logfile logs-max:10 dir:D:\VS CODE PROJECTS\Mian Rent A Car\.npm-cache\_logs\2026-06-21T18_11_50_919Z-
10 verbose logfile D:\VS CODE PROJECTS\Mian Rent A Car\.npm-cache\_logs\2026-06-21T18_11_50_919Z-debug-0.log
11 silly logfile done cleaning log files
12 silly packumentCache heap:4496293888 maxSize:1124073472 maxEntrySize:562036736
13 silly idealTree buildDeps
14 silly fetch manifest multer@2.0.2
15 silly packumentCache full:https://registry.npmjs.org/multer cache-miss
16 http cache https://registry.npmjs.org/multer 151ms (cache hit)
17 silly packumentCache full:https://registry.npmjs.org/multer set size:156441 disposed:false
18 silly placeDep ROOT multer@2.0.2 REPLACE for: mian-rent-a-car@1.0.0 want: 2.0.2
19 silly fetch manifest concat-stream@^2.0.0
20 silly packumentCache full:https://registry.npmjs.org/concat-stream cache-miss
21 http cache https://registry.npmjs.org/concat-stream 12ms (cache hit)
22 silly packumentCache full:https://registry.npmjs.org/concat-stream set size:63783 disposed:false
23 silly placeDep ROOT concat-stream@2.0.0 OK for: multer@2.0.2 want: ^2.0.0
24 silly fetch manifest buffer-from@^1.0.0
25 silly packumentCache full:https://registry.npmjs.org/buffer-from cache-miss
26 silly fetch manifest readable-stream@^3.0.2
27 silly packumentCache full:https://registry.npmjs.org/readable-stream cache-miss
28 silly fetch manifest typedarray@^0.0.6
29 silly packumentCache full:https://registry.npmjs.org/typedarray cache-miss
30 http cache https://registry.npmjs.org/buffer-from 30ms (cache hit)
31 silly packumentCache full:https://registry.npmjs.org/buffer-from set size:15463 disposed:false
32 http cache https://registry.npmjs.org/readable-stream 34ms (cache hit)
33 silly packumentCache full:https://registry.npmjs.org/readable-stream set size:261096 disposed:false
34 http cache https://registry.npmjs.org/typedarray 65ms (cache hit)
35 silly packumentCache full:https://registry.npmjs.org/typedarray set size:18469 disposed:false
36 silly placeDep ROOT buffer-from@1.1.2 OK for: concat-stream@2.0.0 want: ^1.0.0
37 silly placeDep ROOT readable-stream@3.6.2 OK for: concat-stream@2.0.0 want: ^3.0.2
38 silly placeDep ROOT typedarray@0.0.6 OK for: concat-stream@2.0.0 want: ^0.0.6
39 silly fetch manifest string_decoder@^1.1.1
40 silly packumentCache full:https://registry.npmjs.org/string_decoder cache-miss
41 silly fetch manifest util-deprecate@^1.0.1
42 silly packumentCache full:https://registry.npmjs.org/util-deprecate cache-miss
43 http cache https://registry.npmjs.org/util-deprecate 18ms (cache hit)
44 silly packumentCache full:https://registry.npmjs.org/util-deprecate set size:6674 disposed:false
45 http cache https://registry.npmjs.org/string_decoder 22ms (cache hit)
46 silly packumentCache full:https://registry.npmjs.org/string_decoder set size:28441 disposed:false
47 silly placeDep ROOT string_decoder@1.3.0 OK for: readable-stream@3.6.2 want: ^1.1.1
48 silly placeDep ROOT util-deprecate@1.0.2 OK for: readable-stream@3.6.2 want: ^1.0.1
49 silly reify mark retired [
49 silly reify   'D:\\VS CODE PROJECTS\\Mian Rent A Car\\node_modules\\concat-stream'
49 silly reify ]
50 silly reify mark retired [ 'D:\\VS CODE PROJECTS\\Mian Rent A Car\\node_modules\\core-util-is' ]
51 silly reify mark retired [ 'D:\\VS CODE PROJECTS\\Mian Rent A Car\\node_modules\\isarray' ]
52 silly reify mark retired [ 'D:\\VS CODE PROJECTS\\Mian Rent A Car\\node_modules\\multer' ]
53 silly reify mark retired [
53 silly reify   'D:\\VS CODE PROJECTS\\Mian Rent A Car\\node_modules\\process-nextick-args'
53 silly reify ]
54 silly reify mark retired [
54 silly reify   'D:\\VS CODE PROJECTS\\Mian Rent A Car\\node_modules\\readable-stream'
54 silly reify ]
55 silly reify mark retired [
55 silly reify   'D:\\VS CODE PROJECTS\\Mian Rent A Car\\node_modules\\string_decoder'
55 silly reify ]
56 silly reify moves {
56 silly reify   'D:\\VS CODE PROJECTS\\Mian Rent A Car\\node_modules\\concat-stream': 'D:\\VS CODE PROJECTS\\Mian Rent A Car\\node_modules\\.concat-stream-q7Ggp9Pn',
56 silly reify   'D:\\VS CODE PROJECTS\\Mian Rent A Car\\node_modules\\core-util-is': 'D:\\VS CODE PROJECTS\\Mian Rent A Car\\node_modules\\.core-util-is-AfMnMZsW',
56 silly reify   'D:\\VS CODE PROJECTS\\Mian Rent A Car\\node_modules\\isarray': 'D:\\VS CODE PROJECTS\\Mian Rent A Car\\node_modules\\.isarray-djTJOwUH',
56 silly reify   'D:\\VS CODE PROJECTS\\Mian Rent A Car\\node_modules\\multer': 'D:\\VS CODE PROJECTS\\Mian Rent A Car\\node_modules\\.multer-SoywiHd9',
56 silly reify   'D:\\VS CODE PROJECTS\\Mian Rent A Car\\node_modules\\process-nextick-args': 'D:\\VS CODE PROJECTS\\Mian Rent A Car\\node_modules\\.process-nextick-args-i1pKk6D9',
56 silly reify   'D:\\VS CODE PROJECTS\\Mian Rent A Car\\node_modules\\readable-stream': 'D:\\VS CODE PROJECTS\\Mian Rent A Car\\node_modules\\.readable-stream-MhTUTqXJ',
56 silly reify   'D:\\VS CODE PROJECTS\\Mian Rent A Car\\node_modules\\string_decoder': 'D:\\VS CODE PROJECTS\\Mian Rent A Car\\node_modules\\.string_decoder-iWOSZSPV'
56 silly reify }
57 silly audit bulk request {
57 silly audit   '@types/node': [ '26.0.0' ],
57 silly audit   accepts: [ '1.3.8' ],
57 silly audit   'append-field': [ '1.0.0' ],
57 silly audit   'array-flatten': [ '1.1.1' ],
57 silly audit   'aws-ssl-profiles': [ '1.1.2' ],
57 silly audit   bcryptjs: [ '2.4.3' ],
57 silly audit   'body-parser': [ '1.20.5' ],
57 silly audit   'buffer-equal-constant-time': [ '1.0.1' ],
57 silly audit   busboy: [ '1.6.0' ],
57 silly audit   bytes: [ '3.1.2' ],
57 silly audit   'call-bind-apply-helpers': [ '1.0.2' ],
57 silly audit   'call-bound': [ '1.0.4' ],
57 silly audit   'content-disposition': [ '0.5.4' ],
57 silly audit   'content-type': [ '1.0.5' ],
57 silly audit   cookie: [ '0.7.2' ],
57 silly audit   'cookie-signature': [ '1.0.7' ],
57 silly audit   debug: [ '2.6.9' ],
57 silly audit   denque: [ '2.1.0' ],
57 silly audit   depd: [ '2.0.0' ],
57 silly audit   destroy: [ '1.2.0' ],
57 silly audit   dotenv: [ '16.6.1' ],
57 silly audit   'dunder-proto': [ '1.0.1' ],
57 silly audit   'ecdsa-sig-formatter': [ '1.0.11' ],
57 silly audit   'ee-first': [ '1.1.1' ],
57 silly audit   encodeurl: [ '2.0.0' ],
57 silly audit   'es-define-property': [ '1.0.1' ],
57 silly audit   'es-errors': [ '1.3.0' ],
57 silly audit   'es-object-atoms': [ '1.1.2' ],
57 silly audit   'escape-html': [ '1.0.3' ],
57 silly audit   etag: [ '1.8.1' ],
57 silly audit   express: [ '4.22.2' ],
57 silly audit   finalhandler: [ '1.3.2' ],
57 silly audit   forwarded: [ '0.2.0' ],
57 silly audit   fresh: [ '0.5.2' ],
57 silly audit   'function-bind': [ '1.1.2' ],
57 silly audit   'generate-function': [ '2.3.1' ],
57 silly audit   'get-intrinsic': [ '1.3.0' ],
57 silly audit   'get-proto': [ '1.0.1' ],
57 silly audit   gopd: [ '1.2.0' ],
57 silly audit   'has-symbols': [ '1.1.0' ],
57 silly audit   hasown: [ '2.0.4' ],
57 silly audit   'http-errors': [ '2.0.1' ],
57 silly audit   'iconv-lite': [ '0.4.24', '0.7.2' ],
57 silly audit   inherits: [ '2.0.4' ],
57 silly audit   'ipaddr.js': [ '1.9.1' ],
57 silly audit   'is-property': [ '1.0.2' ],
57 silly audit   jsonwebtoken: [ '9.0.3' ],
57 silly audit   ms: [ '2.1.3', '2.0.0' ],
57 silly audit   jwa: [ '2.0.1' ],
57 silly audit   jws: [ '4.0.1' ],
57 silly audit   'lodash.includes': [ '4.3.0' ],
57 silly audit   'lodash.isboolean': [ '3.0.3' ],
57 silly audit   'lodash.isinteger': [ '4.0.4' ],
57 silly audit   'lodash.isnumber': [ '3.0.3' ],
57 silly audit   'lodash.isplainobject': [ '4.0.6' ],
57 silly audit   'lodash.isstring': [ '4.0.1' ],
57 silly audit   'lodash.once': [ '4.1.1' ],
57 silly audit   long: [ '5.3.2' ],
57 silly audit   'lru.min': [ '1.1.4' ],
57 silly audit   'math-intrinsics': [ '1.1.0' ],
57 silly audit   'media-typer': [ '0.3.0' ],
57 silly audit   'merge-descriptors': [ '1.0.3' ],
57 silly audit   methods: [ '1.1.2' ],
57 silly audit   mime: [ '1.6.0' ],
57 silly audit   'mime-db': [ '1.52.0' ],
57 silly audit   'mime-types': [ '2.1.35' ],
57 silly audit   minimist: [ '1.2.8' ],
57 silly audit   mkdirp: [ '0.5.6' ],
57 silly audit   mysql2: [ '3.22.5' ],
57 silly audit   'named-placeholders': [ '1.1.6' ],
57 silly audit   negotiator: [ '0.6.3' ],
57 silly audit   'object-assign': [ '4.1.1' ],
57 silly audit   'object-inspect': [ '1.13.4' ],
57 silly audit   'on-finished': [ '2.4.1' ],
57 silly audit   parseurl: [ '1.3.3' ],
57 silly audit   'path-to-regexp': [ '0.1.13' ],
57 silly audit   'proxy-addr': [ '2.0.7' ],
57 silly audit   qs: [ '6.15.2' ],
57 silly audit   'range-parser': [ '1.2.1' ],
57 silly audit   'raw-body': [ '2.5.3' ],
57 silly audit   'safe-buffer': [ '5.2.1' ],
57 silly audit   'safer-buffer': [ '2.1.2' ],
57 silly audit   semver: [ '7.8.5' ],
57 silly audit   send: [ '0.19.2' ],
57 silly audit   'serve-static': [ '1.16.3' ],
57 silly audit   setprototypeof: [ '1.2.0' ],
57 silly audit   'side-channel': [ '1.1.1' ],
57 silly audit   'side-channel-list': [ '1.0.1' ],
57 silly audit   'side-channel-map': [ '1.0.1' ],
57 silly audit   'side-channel-weakmap': [ '1.0.2' ],
57 silly audit   'sql-escaper': [ '1.3.3' ],
57 silly audit   statuses: [ '2.0.2' ],
57 silly audit   streamsearch: [ '1.1.0' ],
57 silly audit   toidentifier: [ '1.0.1' ],
57 silly audit   'type-is': [ '1.6.18' ],
57 silly audit   'undici-types': [ '8.3.0' ],
57 silly audit   unpipe: [ '1.0.0' ],
57 silly audit   'utils-merge': [ '1.0.1' ],
57 silly audit   vary: [ '1.1.2' ],
57 silly audit   xtend: [ '4.0.2' ],
57 silly audit   multer: [ '2.0.2' ],
57 silly audit   'concat-stream': [ '2.0.0' ],
57 silly audit   'buffer-from': [ '1.1.2' ],
57 silly audit   'readable-stream': [ '3.6.2' ],
57 silly audit   typedarray: [ '0.0.6' ],
57 silly audit   string_decoder: [ '1.3.0' ],
57 silly audit   'util-deprecate': [ '1.0.2' ]
57 silly audit }
58 http cache string_decoder@https://registry.npmjs.org/string_decoder/-/string_decoder-1.3.0.tgz 0ms (cache hit)
59 http cache readable-stream@https://registry.npmjs.org/readable-stream/-/readable-stream-3.6.2.tgz 0ms (cache hit)
60 silly tarball no local data for string_decoder@https://registry.npmjs.org/string_decoder/-/string_decoder-1.3.0.tgz. Extracting by manifest.
61 silly tarball no local data for readable-stream@https://registry.npmjs.org/readable-stream/-/readable-stream-3.6.2.tgz. Extracting by manifest.
62 http cache multer@https://registry.npmjs.org/multer/-/multer-2.0.2.tgz 0ms (cache hit)
63 http cache concat-stream@https://registry.npmjs.org/concat-stream/-/concat-stream-2.0.0.tgz 0ms (cache hit)
64 silly tarball no local data for multer@https://registry.npmjs.org/multer/-/multer-2.0.2.tgz. Extracting by manifest.
65 silly tarball no local data for concat-stream@https://registry.npmjs.org/concat-stream/-/concat-stream-2.0.0.tgz. Extracting by manifest.
66 http fetch POST 200 https://registry.npmjs.org/-/npm/v1/security/advisories/bulk 551ms
67 silly audit report {
67 silly audit report   multer: [
67 silly audit report     {
67 silly audit report       id: 1113635,
67 silly audit report       url: 'https://github.com/advisories/GHSA-xf7r-hgr6-v32p',
67 silly audit report       title: 'Multer vulnerable to Denial of Service via incomplete cleanup',
67 silly audit report       severity: 'high',
67 silly audit report       vulnerable_versions: '<2.1.0',
67 silly audit report       cwe: [Array],
67 silly audit report       cvss: [Object]
67 silly audit report     },
67 silly audit report     {
67 silly audit report       id: 1113636,
67 silly audit report       url: 'https://github.com/advisories/GHSA-v52c-386h-88mc',
67 silly audit report       title: 'Multer vulnerable to Denial of Service via resource exhaustion',
67 silly audit report       severity: 'high',
67 silly audit report       vulnerable_versions: '<2.1.0',
67 silly audit report       cwe: [Array],
67 silly audit report       cvss: [Object]
67 silly audit report     },
67 silly audit report     {
67 silly audit report       id: 1113996,
67 silly audit report       url: 'https://github.com/advisories/GHSA-5528-5vmv-3xc2',
67 silly audit report       title: 'Multer Vulnerable to Denial of Service via Uncontrolled Recursion',
67 silly audit report       severity: 'high',
67 silly audit report       vulnerable_versions: '<2.1.1',
67 silly audit report       cwe: [Array],
67 silly audit report       cvss: [Object]
67 silly audit report     },
67 silly audit report     {
67 silly audit report       id: 1121089,
67 silly audit report       url: 'https://github.com/advisories/GHSA-72gw-mp4g-v24j',
67 silly audit report       title: 'Multer vulnerable to Denial of Service via deeply nested field names',
67 silly audit report       severity: 'high',
67 silly audit report       vulnerable_versions: '>=1.0.0 <2.2.0',
67 silly audit report       cwe: [Array],
67 silly audit report       cvss: [Object]
67 silly audit report     },
67 silly audit report     {
67 silly audit report       id: 1121091,
67 silly audit report       url: 'https://github.com/advisories/GHSA-3p4h-7m6x-2hcm',
67 silly audit report       title: 'Multer vulnerable to Denial of Service via incomplete cleanup of aborted uploads',
67 silly audit report       severity: 'moderate',
67 silly audit report       vulnerable_versions: '>=2.0.0-alpha.1 <2.2.0',
67 silly audit report       cwe: [Array],
67 silly audit report       cvss: [Object]
67 silly audit report     }
67 silly audit report   ]
67 silly audit report }
68 silly packumentCache corgi:https://registry.npmjs.org/multer cache-miss
69 http fetch GET 200 https://registry.npmjs.org/string_decoder/-/string_decoder-1.3.0.tgz 563ms (cache miss)
70 http fetch GET 200 https://registry.npmjs.org/concat-stream/-/concat-stream-2.0.0.tgz 554ms (cache miss)
71 http fetch GET 200 https://registry.npmjs.org/multer/-/multer-2.0.2.tgz 688ms (cache miss)
72 http fetch GET 200 https://registry.npmjs.org/multer 250ms (cache miss)
73 silly packumentCache corgi:https://registry.npmjs.org/multer set size:undefined disposed:false
74 http fetch GET 200 https://registry.npmjs.org/readable-stream/-/readable-stream-3.6.2.tgz 994ms (cache miss)
75 silly CHANGE node_modules/string_decoder
76 silly REMOVE node_modules/string_decoder/node_modules/safe-buffer
77 silly CHANGE node_modules/readable-stream
78 silly REMOVE node_modules/readable-stream/node_modules/safe-buffer
79 silly REMOVE node_modules/process-nextick-args
80 silly CHANGE node_modules/multer
81 silly REMOVE node_modules/isarray
82 silly REMOVE node_modules/core-util-is
83 silly CHANGE node_modules/concat-stream
84 verbose cwd D:\VS CODE PROJECTS\Mian Rent A Car
85 verbose os Windows_NT 10.0.26200
86 verbose node v24.15.0
87 verbose npm  v11.12.1
88 verbose exit 0
89 info ok
